Unity Editor version:    2022.3.2f1 (d74737c6db50)
Branch:                  2022.3/staging
Build type:              Release
Batch mode:              YES
macOS version:           Version 15.0.1 (Build 24A348)
Darwin version:          24.0.0
Architecture:            x86_64
Running under Rosetta:   YES
Available memory:        32768 MB
Using pre-set license
Pro License: YES

COMMAND LINE ARGUMENTS:
/Applications/Unity/Hub/Editor/2022.3.2f1/Unity.app/Contents/MacOS/Unity
-adb2
-batchMode
-noUpm
-name
AssetImportWorker0
-projectPath
/Users/karamyan-b/CandyDrop
-logFile
Logs/AssetImportWorker0.log
-srvPort
62819
Successfully changed project path to: /Users/karamyan-b/CandyDrop
/Users/karamyan-b/CandyDrop
[UnityMemory] Configuration Parameters - Can be set up in boot.config
    "memorysetup-bucket-allocator-granularity=16"
    "memorysetup-bucket-allocator-bucket-count=8"
    "memorysetup-bucket-allocator-block-size=33554432"
    "memorysetup-bucket-allocator-block-count=8"
    "memorysetup-main-allocator-block-size=16777216"
    "memorysetup-thread-allocator-block-size=16777216"
    "memorysetup-gfx-main-allocator-block-size=16777216"
    "memorysetup-gfx-thread-allocator-block-size=16777216"
    "memorysetup-cache-allocator-block-size=4194304"
    "memorysetup-typetree-allocator-block-size=2097152"
    "memorysetup-profiler-bucket-allocator-granularity=16"
    "memorysetup-profiler-bucket-allocator-bucket-count=8"
    "memorysetup-profiler-bucket-allocator-block-size=33554432"
    "memorysetup-profiler-bucket-allocator-block-count=8"
    "memorysetup-profiler-allocator-block-size=16777216"
    "memorysetup-profiler-editor-allocator-block-size=1048576"
    "memorysetup-temp-allocator-size-main=16777216"
    "memorysetup-job-temp-allocator-block-size=2097152"
    "memorysetup-job-temp-allocator-block-size-background=1048576"
    "memorysetup-job-temp-allocator-reduction-small-platforms=262144"
    "memorysetup-allocator-temp-initial-block-size-main=262144"
    "memorysetup-allocator-temp-initial-block-size-worker=262144"
    "memorysetup-temp-allocator-size-background-worker=32768"
    "memorysetup-temp-allocator-size-job-worker=262144"
    "memorysetup-temp-allocator-size-preload-manager=33554432"
    "memorysetup-temp-allocator-size-nav-mesh-worker=65536"
    "memorysetup-temp-allocator-size-audio-worker=65536"
    "memorysetup-temp-allocator-size-cloud-worker=32768"
    "memorysetup-temp-allocator-size-gi-baking-worker=262144"
    "memorysetup-temp-allocator-size-gfx=262144"
Player connection [8742269440] Host "[IP] 172.16.232.46 [Port] 0 [Flags] 2 [Guid] 2472724420 [EditorId] 2472724420 [Version] 1048832 [Id] OSXEditor(0,Bens-MBP.playnet.local) [Debug] 1 [PackageName] OSXEditor [ProjectName] Editor" joined multi-casting on [225.0.0.222:54997]...

Player connection [8742269440] Host "[IP] 172.16.232.46 [Port] 0 [Flags] 2 [Guid] 2472724420 [EditorId] 2472724420 [Version] 1048832 [Id] OSXEditor(0,Bens-MBP.playnet.local) [Debug] 1 [PackageName] OSXEditor [ProjectName] Editor" joined alternative multi-casting on [225.0.0.222:34997]...

Refreshing native plugins compatible for Editor in 9.11 ms, found 2 plugins.
Preloading 0 native plugins for Editor in 0.00 ms.
Initialize engine version: 2022.3.2f1 (d74737c6db50)
[Subsystems] Discovering subsystems at path /Applications/Unity/Hub/Editor/2022.3.2f1/Unity.app/Contents/Resources/UnitySubsystems
[Subsystems] Discovering subsystems at path /Users/karamyan-b/CandyDrop/Assets
GfxDevice: creating device client; threaded=0; jobified=0
 preferred device: Apple M1 Max (high power)
Metal devices available: 1
0: Apple M1 Max (high power)
Using device Apple M1 Max (high power)
Initializing Metal device caps: Apple M1 Max
Initialize mono
Mono path[0] = '/Applications/Unity/Hub/Editor/2022.3.2f1/Unity.app/Contents/Managed'
Mono path[1] = '/Applications/Unity/Hub/Editor/2022.3.2f1/Unity.app/Contents/MonoBleedingEdge/lib/mono/unityjit-macos'
Mono config path = '/Applications/Unity/Hub/Editor/2022.3.2f1/Unity.app/Contents/MonoBleedingEdge/etc'
Using monoOptions --debugger-agent=transport=dt_socket,embedding=1,server=y,suspend=n,address=127.0.0.1:56933
Begin MonoManager ReloadAssembly
Registering precompiled unity dll's ...
Register platform support module: /Applications/Unity/Hub/Editor/2022.3.2f1/Unity.app/Contents/PlaybackEngines/MacStandaloneSupport/UnityEditor.OSXStandalone.Extensions.dll
Register platform support module: /Applications/Unity/Hub/Editor/2022.3.2f1/PlaybackEngines/AndroidPlayer/UnityEditor.Android.Extensions.dll
Registered in 0.003304 seconds.
- Loaded All Assemblies, in  0.592 seconds
Native extension for Android target not found
Android Extension - Scanning For ADB Devices 246 ms
Native extension for OSXStandalone target not found
Mono: successfully reloaded assembly
- Finished resetting the current domain, in  1.308 seconds
Domain Reload Profiling: 1901ms
	BeginReloadAssembly (212ms)
		ExecutionOrderSort (0ms)
		DisableScriptedObjects (0ms)
		BackupInstance (0ms)
		ReleaseScriptingObjects (0ms)
		CreateAndSetChildDomain (2ms)
	RebuildCommonClasses (43ms)
	RebuildNativeTypeToScriptingClass (12ms)
	initialDomainReloadingComplete (143ms)
	LoadAllAssembliesAndSetupDomain (181ms)
		LoadAssemblies (210ms)
		RebuildTransferFunctionScriptingTraits (0ms)
		AnalyzeDomain (176ms)
			TypeCache.Refresh (174ms)
				TypeCache.ScanAssembly (162ms)
			ScanForSourceGeneratedMonoScriptInfo (0ms)
			ResolveRequiredComponents (2ms)
	FinalizeReload (1309ms)
		ReleaseScriptCaches (0ms)
		RebuildScriptCaches (0ms)
		SetupLoadedEditorAssemblies (1178ms)
			LogAssemblyErrors (0ms)
			InitializePlatformSupportModulesInManaged (641ms)
			SetLoadedEditorAssemblies (11ms)
			RefreshPlugins (0ms)
			BeforeProcessingInitializeOnLoad (9ms)
			ProcessInitializeOnLoadAttributes (329ms)
			ProcessInitializeOnLoadMethodAttributes (189ms)
			AfterProcessingInitializeOnLoad (0ms)
			EditorAssembliesLoaded (0ms)
		ExecutionOrderSort2 (0ms)
		AwakeInstancesAfterBackupRestoration (0ms)
========================================================================
Worker process is ready to serve import requests
Begin MonoManager ReloadAssembly
Symbol file LoadedFromMemory doesn't match image /Users/karamyan-b/CandyDrop/Library/PackageCache/com.unity.visualscripting@1.8.0/Editor/VisualScripting.Core/Dependencies/YamlDotNet/Unity.VisualScripting.YamlDotNet.dll
Symbol file LoadedFromMemory doesn't match image /Users/karamyan-b/CandyDrop/Library/PackageCache/com.unity.visualscripting@1.8.0/Editor/VisualScripting.Core/Dependencies/DotNetZip/Unity.VisualScripting.IonicZip.dll
- Loaded All Assemblies, in  1.093 seconds
Refreshing native plugins compatible for Editor in 0.87 ms, found 2 plugins.
Native extension for Android target not found
Native extension for OSXStandalone target not found
Package Manager log level set to [2]
[Package Manager] Server::EnsureServerProcessIsRunning -- launch failed, reason: Unity was launched with the -noUpm command-line argument
[Package Manager] UpmClient::Send -- Unable to send message (not connected to UPM process).
[Package Manager] Cannot connect to Unity Package Manager local server
Mono: successfully reloaded assembly
- Finished resetting the current domain, in  1.749 seconds
Domain Reload Profiling: 2842ms
	BeginReloadAssembly (281ms)
		ExecutionOrderSort (0ms)
		DisableScriptedObjects (39ms)
		BackupInstance (0ms)
		ReleaseScriptingObjects (0ms)
		CreateAndSetChildDomain (31ms)
	RebuildCommonClasses (43ms)
	RebuildNativeTypeToScriptingClass (12ms)
	initialDomainReloadingComplete (106ms)
	LoadAllAssembliesAndSetupDomain (649ms)
		LoadAssemblies (416ms)
		RebuildTransferFunctionScriptingTraits (0ms)
		AnalyzeDomain (360ms)
			TypeCache.Refresh (326ms)
				TypeCache.ScanAssembly (310ms)
			ScanForSourceGeneratedMonoScriptInfo (27ms)
			ResolveRequiredComponents (7ms)
	FinalizeReload (1751ms)
		ReleaseScriptCaches (0ms)
		RebuildScriptCaches (0ms)
		SetupLoadedEditorAssemblies (1353ms)
			LogAssemblyErrors (0ms)
			InitializePlatformSupportModulesInManaged (73ms)
			SetLoadedEditorAssemblies (7ms)
			RefreshPlugins (0ms)
			BeforeProcessingInitializeOnLoad (102ms)
			ProcessInitializeOnLoadAttributes (1090ms)
			ProcessInitializeOnLoadMethodAttributes (80ms)
			AfterProcessingInitializeOnLoad (1ms)
			EditorAssembliesLoaded (0ms)
		ExecutionOrderSort2 (0ms)
		AwakeInstancesAfterBackupRestoration (11ms)
Launching external process: /Applications/Unity/Hub/Editor/2022.3.2f1/Unity.app/Contents/Tools/UnityShaderCompiler
Launched and connected shader compiler UnityShaderCompiler after 0.08 seconds
Refreshing native plugins compatible for Editor in 1.07 ms, found 2 plugins.
Preloading 0 native plugins for Editor in 0.00 ms.
Unloading 3106 Unused Serialized files (Serialized files now loaded: 0)
Unloading 31 unused Assets / (51.1 KB). Loaded Objects now: 3573.
Memory consumption went from 128.2 MB to 128.2 MB.
Total: 3.377667 ms (FindLiveObjects: 0.147041 ms CreateObjectMapping: 0.079042 ms MarkObjects: 3.010167 ms  DeleteObjects: 0.135209 ms)

AssetImportParameters requested are different than current active one (requested -> active):
  custom:container-demuxer-ogg: 62fdf1f143b41e24485cea50d1cbac27 -> 
  custom:video-decoder-ogg-theora: a1e56fd34408186e4bbccfd4996cb3dc -> 
  custom:container-demuxer-webm: 4f35f7cbe854078d1ac9338744f61a02 -> 
  custom:container-muxer-webm: aa71ff27fc2769a1b78a27578f13a17b -> 
  custom:video-decoder-webm-vp8: 9c59270c3fd7afecdb556c50c9e8de78 -> 
  custom:AudioImporter_EditorPlatform: 3918e3fc78b5a79bad01e8451be0beb8 -> 
  custom:framework-osx-AVFoundation: e770b220cccbd017edd2c1fefb359320 -> 
  custom:video-encoder-webm-vp8: eb34c28f22e8b96e1ab97ce403110664 -> 
  custom:audio-decoder-ogg-vorbis: bf7c407c2cedff20999df2af8eb42d56 -> 
  custom:audio-encoder-webm-vorbis: bf7c407c2cedff20999df2af8eb42d56 -> 
========================================================================
Received Import Request.
  Time since last request: 217236.058378 seconds.
  path: Assets/Resources/Candy2.prefab
  artifactKey: Guid(2166be1b79c434791af21804fe068bde) Importer(815301076,1909f56bfc062723c751e8b465ee728b)
Start importing Assets/Resources/Candy2.prefab using Guid(2166be1b79c434791af21804fe068bde) Importer(815301076,1909f56bfc062723c751e8b465ee728b)  -> (artifact id: '5da2477272565cf2f9f899eae48ebb7e') in 0.059803 seconds
Number of updated asset objects reloaded before import = 0
Number of asset objects unloaded after import = 10
========================================================================
Received Import Request.
  Time since last request: 0.000063 seconds.
  path: Assets/Resources/Candy1.prefab
  artifactKey: Guid(32d9a429156c74248bfcc17a19feec27) Importer(815301076,1909f56bfc062723c751e8b465ee728b)
Start importing Assets/Resources/Candy1.prefab using Guid(32d9a429156c74248bfcc17a19feec27) Importer(815301076,1909f56bfc062723c751e8b465ee728b)  -> (artifact id: 'b3d1f31dc74b44b799c76beebd043fd7') in 0.004164 seconds
Number of updated asset objects reloaded before import = 0
Number of asset objects unloaded after import = 10
========================================================================
Received Import Request.
  Time since last request: 0.000089 seconds.
  path: Assets/Resources/Candy0.prefab
  artifactKey: Guid(3d4f886de2d2c4566a08786b68fff59b) Importer(815301076,1909f56bfc062723c751e8b465ee728b)
Start importing Assets/Resources/Candy0.prefab using Guid(3d4f886de2d2c4566a08786b68fff59b) Importer(815301076,1909f56bfc062723c751e8b465ee728b)  -> (artifact id: '997de6d510a4ec9ffa0f0ceecb5a4425') in 0.001425 seconds
Number of updated asset objects reloaded before import = 0
Number of asset objects unloaded after import = 10
========================================================================
Received Import Request.
  Time since last request: 0.000128 seconds.
  path: Assets/Resources/Candy4.prefab
  artifactKey: Guid(60c973d531d4b40fc83ca2ce5913e3f5) Importer(815301076,1909f56bfc062723c751e8b465ee728b)
Start importing Assets/Resources/Candy4.prefab using Guid(60c973d531d4b40fc83ca2ce5913e3f5) Importer(815301076,1909f56bfc062723c751e8b465ee728b)  -> (artifact id: '7853b90b9627a92fc67c9ddbe65175e6') in 0.001284 seconds
Number of updated asset objects reloaded before import = 0
Number of asset objects unloaded after import = 10
========================================================================
Received Import Request.
  Time since last request: 0.000186 seconds.
  path: Assets/Resources/Candy5.prefab
  artifactKey: Guid(495551fe49a424de88261af3d311dab3) Importer(815301076,1909f56bfc062723c751e8b465ee728b)
Start importing Assets/Resources/Candy5.prefab using Guid(495551fe49a424de88261af3d311dab3) Importer(815301076,1909f56bfc062723c751e8b465ee728b)  -> (artifact id: 'f96645bd3510837242b51bf58499f6d1') in 0.001304 seconds
Number of updated asset objects reloaded before import = 0
Number of asset objects unloaded after import = 10
========================================================================
Received Import Request.
  Time since last request: 0.000155 seconds.
  path: Assets/Resources/Candy3.prefab
  artifactKey: Guid(f96efd67176be4099b75347fe1cea61d) Importer(815301076,1909f56bfc062723c751e8b465ee728b)
Start importing Assets/Resources/Candy3.prefab using Guid(f96efd67176be4099b75347fe1cea61d) Importer(815301076,1909f56bfc062723c751e8b465ee728b)  -> (artifact id: 'cb52eff5914c4eb1fce3f7949e3dd851') in 0.001146 seconds
Number of updated asset objects reloaded before import = 0
Number of asset objects unloaded after import = 10
========================================================================
Received Import Request.
  Time since last request: 56.659661 seconds.
  path: Assets/Resources/archive
  artifactKey: Guid(51b3fb20e15e0488e969fb207b0f9eb9) Importer(815301076,1909f56bfc062723c751e8b465ee728b)
Start importing Assets/Resources/archive using Guid(51b3fb20e15e0488e969fb207b0f9eb9) Importer(815301076,1909f56bfc062723c751e8b465ee728b)  -> (artifact id: 'cdba938870b1edc0509dd9cf3d1077bc') in 0.000618 seconds
Number of updated asset objects reloaded before import = 0
Number of asset objects unloaded after import = 0
========================================================================
Received Import Request.
  Time since last request: 0.094307 seconds.
  path: Assets/Resources/archive/Candy0.png
  artifactKey: Guid(46294a2343b904ff891a15145a1bcc5b) Importer(815301076,1909f56bfc062723c751e8b465ee728b)
Start importing Assets/Resources/archive/Candy0.png using Guid(46294a2343b904ff891a15145a1bcc5b) Importer(815301076,1909f56bfc062723c751e8b465ee728b)  -> (artifact id: 'ab9501cb035d55125c61e558e47e886b') in 0.145312 seconds
Number of updated asset objects reloaded before import = 0
Number of asset objects unloaded after import = 3
========================================================================
Received Import Request.
  Time since last request: 0.000049 seconds.
  path: Assets/Resources/archive/Candy2.png
  artifactKey: Guid(56df02a64b80349648352cda53fbda96) Importer(815301076,1909f56bfc062723c751e8b465ee728b)
Start importing Assets/Resources/archive/Candy2.png using Guid(56df02a64b80349648352cda53fbda96) Importer(815301076,1909f56bfc062723c751e8b465ee728b)  -> (artifact id: '997b113f18d4f2572d9c2fe26fb9cdae') in 0.013668 seconds
Number of updated asset objects reloaded before import = 0
Number of asset objects unloaded after import = 3
========================================================================
Received Import Request.
  Time since last request: 0.000082 seconds.
  path: Assets/Resources/archive/Candy3.png
  artifactKey: Guid(aa023601f69874aa1905ce4badc607eb) Importer(815301076,1909f56bfc062723c751e8b465ee728b)
Start importing Assets/Resources/archive/Candy3.png using Guid(aa023601f69874aa1905ce4badc607eb) Importer(815301076,1909f56bfc062723c751e8b465ee728b)  -> (artifact id: 'b85b4c49cebb4ad9f8042a4636c03263') in 0.010000 seconds
Number of updated asset objects reloaded before import = 0
Number of asset objects unloaded after import = 3
========================================================================
Received Import Request.
  Time since last request: 0.000139 seconds.
  path: Assets/Resources/archive/Candy4.png
  artifactKey: Guid(fb774d20d40d545c5b2a4adc49597fa0) Importer(815301076,1909f56bfc062723c751e8b465ee728b)
Start importing Assets/Resources/archive/Candy4.png using Guid(fb774d20d40d545c5b2a4adc49597fa0) Importer(815301076,1909f56bfc062723c751e8b465ee728b)  -> (artifact id: '8022b5a01213e6fe78e3174ffa83d6af') in 0.009837 seconds
Number of updated asset objects reloaded before import = 0
Number of asset objects unloaded after import = 3
========================================================================
Received Import Request.
  Time since last request: 0.000230 seconds.
  path: Assets/Resources/archive/Candy5.png
  artifactKey: Guid(780e6c50117174bfc90edcf3e5c35c58) Importer(815301076,1909f56bfc062723c751e8b465ee728b)
Start importing Assets/Resources/archive/Candy5.png using Guid(780e6c50117174bfc90edcf3e5c35c58) Importer(815301076,1909f56bfc062723c751e8b465ee728b)  -> (artifact id: '5756d1714ce88ccb5498baf694f22d18') in 0.010429 seconds
Number of updated asset objects reloaded before import = 0
Number of asset objects unloaded after import = 3
========================================================================
Received Import Request.
  Time since last request: 30.430563 seconds.
  path: Assets/Resources/candy0.png
  artifactKey: Guid(d4b33d50996d8431c8dcde1149946597) Importer(815301076,1909f56bfc062723c751e8b465ee728b)
Start importing Assets/Resources/candy0.png using Guid(d4b33d50996d8431c8dcde1149946597) Importer(815301076,1909f56bfc062723c751e8b465ee728b)  -> (artifact id: 'ae3b13e974f13a2a436d703efe069d59') in 0.015527 seconds
Number of updated asset objects reloaded before import = 0
Number of asset objects unloaded after import = 3
========================================================================
Received Import Request.
  Time since last request: 0.000161 seconds.
  path: Assets/Resources/candy2.png
  artifactKey: Guid(304c8078d2b594d0cb4fe12db6ed1805) Importer(815301076,1909f56bfc062723c751e8b465ee728b)
Start importing Assets/Resources/candy2.png using Guid(304c8078d2b594d0cb4fe12db6ed1805) Importer(815301076,1909f56bfc062723c751e8b465ee728b)  -> (artifact id: '15a25787a3d22d9c40ae77fb288b604f') in 0.011390 seconds
Number of updated asset objects reloaded before import = 0
Number of asset objects unloaded after import = 3
========================================================================
Received Import Request.
  Time since last request: 0.000181 seconds.
  path: Assets/Resources/candy3.png
  artifactKey: Guid(7b5612525c38f47fa871aae08a1431e2) Importer(815301076,1909f56bfc062723c751e8b465ee728b)
Start importing Assets/Resources/candy3.png using Guid(7b5612525c38f47fa871aae08a1431e2) Importer(815301076,1909f56bfc062723c751e8b465ee728b)  -> (artifact id: '99ecda4b00ac7bd7b00f5cdcba493c8f') in 0.011348 seconds
Number of updated asset objects reloaded before import = 0
Number of asset objects unloaded after import = 3
========================================================================
Received Import Request.
  Time since last request: 2.670335 seconds.
  path: Assets/Resources/Candy0.prefab
  artifactKey: Guid(3d4f886de2d2c4566a08786b68fff59b) Importer(815301076,1909f56bfc062723c751e8b465ee728b)
Start importing Assets/Resources/Candy0.prefab using Guid(3d4f886de2d2c4566a08786b68fff59b) Importer(815301076,1909f56bfc062723c751e8b465ee728b)  -> (artifact id: 'fb64cbbcfd9cc8de9ee117af4d9f5023') in 0.071503 seconds
Number of updated asset objects reloaded before import = 0
Number of asset objects unloaded after import = 12
========================================================================
Received Import Request.
  Time since last request: 2.045829 seconds.
  path: Assets/Resources/Candy1.prefab
  artifactKey: Guid(32d9a429156c74248bfcc17a19feec27) Importer(815301076,1909f56bfc062723c751e8b465ee728b)
Start importing Assets/Resources/Candy1.prefab using Guid(32d9a429156c74248bfcc17a19feec27) Importer(815301076,1909f56bfc062723c751e8b465ee728b)  -> (artifact id: 'e24c5408a9a1ef56d7d5526ba3b63931') in 0.009734 seconds
Number of updated asset objects reloaded before import = 0
Number of asset objects unloaded after import = 12
========================================================================
Received Import Request.
  Time since last request: 2.393531 seconds.
  path: Assets/Resources/Candy3.prefab
  artifactKey: Guid(f96efd67176be4099b75347fe1cea61d) Importer(815301076,1909f56bfc062723c751e8b465ee728b)
Start importing Assets/Resources/Candy3.prefab using Guid(f96efd67176be4099b75347fe1cea61d) Importer(815301076,1909f56bfc062723c751e8b465ee728b)  -> (artifact id: '558cb2f0211821600e20984477a36eec') in 0.006678 seconds
Number of updated asset objects reloaded before import = 0
Number of asset objects unloaded after import = 12
========================================================================
Received Import Request.
  Time since last request: 0.552640 seconds.
  path: Assets/Resources/Candy4.prefab
  artifactKey: Guid(60c973d531d4b40fc83ca2ce5913e3f5) Importer(815301076,1909f56bfc062723c751e8b465ee728b)
Start importing Assets/Resources/Candy4.prefab using Guid(60c973d531d4b40fc83ca2ce5913e3f5) Importer(815301076,1909f56bfc062723c751e8b465ee728b)  -> (artifact id: '273000568a134d0907e8b160ab97879f') in 0.005958 seconds
Number of updated asset objects reloaded before import = 0
Number of asset objects unloaded after import = 12
========================================================================
Received Import Request.
  Time since last request: 1.245825 seconds.
  path: Assets/Resources/Candy2.prefab
  artifactKey: Guid(2166be1b79c434791af21804fe068bde) Importer(815301076,1909f56bfc062723c751e8b465ee728b)
Start importing Assets/Resources/Candy2.prefab using Guid(2166be1b79c434791af21804fe068bde) Importer(815301076,1909f56bfc062723c751e8b465ee728b)  -> (artifact id: '1d390bd9594493d4a23b5a1f8b0e7043') in 0.006355 seconds
Number of updated asset objects reloaded before import = 0
Number of asset objects unloaded after import = 12
========================================================================
Received Prepare
Begin MonoManager ReloadAssembly
Symbol file LoadedFromMemory doesn't match image /Users/karamyan-b/CandyDrop/Library/PackageCache/com.unity.visualscripting@1.8.0/Editor/VisualScripting.Core/Dependencies/YamlDotNet/Unity.VisualScripting.YamlDotNet.dll
Symbol file LoadedFromMemory doesn't match image /Users/karamyan-b/CandyDrop/Library/PackageCache/com.unity.visualscripting@1.8.0/Editor/VisualScripting.Core/Dependencies/DotNetZip/Unity.VisualScripting.IonicZip.dll
- Loaded All Assemblies, in  0.982 seconds
Refreshing native plugins compatible for Editor in 1.02 ms, found 2 plugins.
Native extension for Android target not found
Native extension for OSXStandalone target not found
[Package Manager] Server::EnsureServerProcessIsRunning -- launch failed, reason: Unity was launched with the -noUpm command-line argument
[Package Manager] UpmClient::Send -- Unable to send message (not connected to UPM process).
[Package Manager] Cannot connect to Unity Package Manager local server
Mono: successfully reloaded assembly
- Finished resetting the current domain, in  2.157 seconds
Domain Reload Profiling: 3140ms
	BeginReloadAssembly (269ms)
		ExecutionOrderSort (0ms)
		DisableScriptedObjects (34ms)
		BackupInstance (0ms)
		ReleaseScriptingObjects (0ms)
		CreateAndSetChildDomain (62ms)
	RebuildCommonClasses (43ms)
	RebuildNativeTypeToScriptingClass (12ms)
	initialDomainReloadingComplete (60ms)
	LoadAllAssembliesAndSetupDomain (597ms)
		LoadAssemblies (399ms)
		RebuildTransferFunctionScriptingTraits (0ms)
		AnalyzeDomain (318ms)
			TypeCache.Refresh (310ms)
				TypeCache.ScanAssembly (300ms)
			ScanForSourceGeneratedMonoScriptInfo (0ms)
			ResolveRequiredComponents (8ms)
	FinalizeReload (2159ms)
		ReleaseScriptCaches (0ms)
		RebuildScriptCaches (0ms)
		SetupLoadedEditorAssemblies (1393ms)
			LogAssemblyErrors (0ms)
			InitializePlatformSupportModulesInManaged (74ms)
			SetLoadedEditorAssemblies (7ms)
			RefreshPlugins (0ms)
			BeforeProcessingInitializeOnLoad (106ms)
			ProcessInitializeOnLoadAttributes (1118ms)
			ProcessInitializeOnLoadMethodAttributes (87ms)
			AfterProcessingInitializeOnLoad (1ms)
			EditorAssembliesLoaded (0ms)
		ExecutionOrderSort2 (0ms)
		AwakeInstancesAfterBackupRestoration (12ms)
Refreshing native plugins compatible for Editor in 1.24 ms, found 2 plugins.
Preloading 0 native plugins for Editor in 0.00 ms.
Unloading 3084 Unused Serialized files (Serialized files now loaded: 0)
Unloading 22 unused Assets / (30.5 KB). Loaded Objects now: 3589.
Memory consumption went from 128.6 MB to 128.6 MB.
Total: 2.668542 ms (FindLiveObjects: 0.186209 ms CreateObjectMapping: 0.085209 ms MarkObjects: 2.352542 ms  DeleteObjects: 0.043250 ms)

Prepare: number of updated asset objects reloaded= 0
AssetImportParameters requested are different than current active one (requested -> active):
  custom:container-demuxer-ogg: 62fdf1f143b41e24485cea50d1cbac27 -> 
  custom:video-decoder-ogg-theora: a1e56fd34408186e4bbccfd4996cb3dc -> 
  custom:container-demuxer-webm: 4f35f7cbe854078d1ac9338744f61a02 -> 
  custom:container-muxer-webm: aa71ff27fc2769a1b78a27578f13a17b -> 
  custom:video-decoder-webm-vp8: 9c59270c3fd7afecdb556c50c9e8de78 -> 
  custom:AudioImporter_EditorPlatform: 3918e3fc78b5a79bad01e8451be0beb8 -> 
  custom:framework-osx-AVFoundation: e770b220cccbd017edd2c1fefb359320 -> 
  custom:video-encoder-webm-vp8: eb34c28f22e8b96e1ab97ce403110664 -> 
  custom:audio-decoder-ogg-vorbis: bf7c407c2cedff20999df2af8eb42d56 -> 
  custom:audio-encoder-webm-vorbis: bf7c407c2cedff20999df2af8eb42d56 -> 
========================================================================
Received Import Request.
  Time since last request: 342.957315 seconds.
  path: Assets/Resources/Candy3.prefab
  artifactKey: Guid(f96efd67176be4099b75347fe1cea61d) Importer(815301076,1909f56bfc062723c751e8b465ee728b)
Start importing Assets/Resources/Candy3.prefab using Guid(f96efd67176be4099b75347fe1cea61d) Importer(815301076,1909f56bfc062723c751e8b465ee728b)  -> (artifact id: 'bc89f02330334ea55e42f30c1895897e') in 0.066358 seconds
Number of updated asset objects reloaded before import = 0
Number of asset objects unloaded after import = 10
========================================================================
Received Import Request.
  Time since last request: 2.044331 seconds.
  path: Assets/Resources/Candy0.prefab
  artifactKey: Guid(3d4f886de2d2c4566a08786b68fff59b) Importer(815301076,1909f56bfc062723c751e8b465ee728b)
Start importing Assets/Resources/Candy0.prefab using Guid(3d4f886de2d2c4566a08786b68fff59b) Importer(815301076,1909f56bfc062723c751e8b465ee728b)  -> (artifact id: '2bc677d5382c796daddd0d5308bee400') in 0.004676 seconds
Number of updated asset objects reloaded before import = 0
Number of asset objects unloaded after import = 10
========================================================================
Received Import Request.
  Time since last request: 2.395198 seconds.
  path: Assets/Resources/Candy1.prefab
  artifactKey: Guid(32d9a429156c74248bfcc17a19feec27) Importer(815301076,1909f56bfc062723c751e8b465ee728b)
Start importing Assets/Resources/Candy1.prefab using Guid(32d9a429156c74248bfcc17a19feec27) Importer(815301076,1909f56bfc062723c751e8b465ee728b)  -> (artifact id: 'bf1353dbf969d3c782b47af5543b2e74') in 0.001858 seconds
Number of updated asset objects reloaded before import = 0
Number of asset objects unloaded after import = 10
========================================================================
Received Import Request.
  Time since last request: 3.779230 seconds.
  path: Assets/Resources/Candy2.prefab
  artifactKey: Guid(2166be1b79c434791af21804fe068bde) Importer(815301076,1909f56bfc062723c751e8b465ee728b)
Start importing Assets/Resources/Candy2.prefab using Guid(2166be1b79c434791af21804fe068bde) Importer(815301076,1909f56bfc062723c751e8b465ee728b)  -> (artifact id: '30214a047405e2c53bc8690f51cf0630') in 0.001826 seconds
Number of updated asset objects reloaded before import = 0
Number of asset objects unloaded after import = 10
========================================================================
Received Import Request.
  Time since last request: 3.790161 seconds.
  path: Assets/Resources/Candy4.prefab
  artifactKey: Guid(60c973d531d4b40fc83ca2ce5913e3f5) Importer(815301076,1909f56bfc062723c751e8b465ee728b)
Start importing Assets/Resources/Candy4.prefab using Guid(60c973d531d4b40fc83ca2ce5913e3f5) Importer(815301076,1909f56bfc062723c751e8b465ee728b)  -> (artifact id: '7265c38eab9568a30c90b8b48b085917') in 0.001968 seconds
Number of updated asset objects reloaded before import = 0
Number of asset objects unloaded after import = 10
========================================================================
Received Import Request.
  Time since last request: 4.620653 seconds.
  path: Assets/Resources/Candy5.prefab
  artifactKey: Guid(495551fe49a424de88261af3d311dab3) Importer(815301076,1909f56bfc062723c751e8b465ee728b)
Start importing Assets/Resources/Candy5.prefab using Guid(495551fe49a424de88261af3d311dab3) Importer(815301076,1909f56bfc062723c751e8b465ee728b)  -> (artifact id: '9c9993c471929f1c5902a2ccca307b9f') in 0.001831 seconds
Number of updated asset objects reloaded before import = 0
Number of asset objects unloaded after import = 10
========================================================================
Received Import Request.
  Time since last request: 23.668867 seconds.
  path: Assets/Resources/Candy0.prefab
  artifactKey: Guid(3d4f886de2d2c4566a08786b68fff59b) Importer(815301076,1909f56bfc062723c751e8b465ee728b)
Start importing Assets/Resources/Candy0.prefab using Guid(3d4f886de2d2c4566a08786b68fff59b) Importer(815301076,1909f56bfc062723c751e8b465ee728b)  -> (artifact id: 'af4bc34355a02ee77d5084b1ae749bbf') in 0.099037 seconds
Number of updated asset objects reloaded before import = 0
Number of asset objects unloaded after import = 12
========================================================================
Received Import Request.
  Time since last request: 10.974459 seconds.
  path: Assets/Resources/Candy1.prefab
  artifactKey: Guid(32d9a429156c74248bfcc17a19feec27) Importer(815301076,1909f56bfc062723c751e8b465ee728b)
Start importing Assets/Resources/Candy1.prefab using Guid(32d9a429156c74248bfcc17a19feec27) Importer(815301076,1909f56bfc062723c751e8b465ee728b)  -> (artifact id: 'c4df61a689b0dfb57004fa105e4dbe75') in 0.012473 seconds
Number of updated asset objects reloaded before import = 0
Number of asset objects unloaded after import = 12
========================================================================
Received Import Request.
  Time since last request: 5.673266 seconds.
  path: Assets/Resources/Candy2.prefab
  artifactKey: Guid(2166be1b79c434791af21804fe068bde) Importer(815301076,1909f56bfc062723c751e8b465ee728b)
Start importing Assets/Resources/Candy2.prefab using Guid(2166be1b79c434791af21804fe068bde) Importer(815301076,1909f56bfc062723c751e8b465ee728b)  -> (artifact id: 'dd7ee1e67fac83eac597e2d31d4ff1e4') in 0.007308 seconds
Number of updated asset objects reloaded before import = 0
Number of asset objects unloaded after import = 12
========================================================================
Received Import Request.
  Time since last request: 5.780043 seconds.
  path: Assets/Resources/Candy3.prefab
  artifactKey: Guid(f96efd67176be4099b75347fe1cea61d) Importer(815301076,1909f56bfc062723c751e8b465ee728b)
Start importing Assets/Resources/Candy3.prefab using Guid(f96efd67176be4099b75347fe1cea61d) Importer(815301076,1909f56bfc062723c751e8b465ee728b)  -> (artifact id: '9d77cf1293d34eed97d3e822a44bf547') in 0.007518 seconds
Number of updated asset objects reloaded before import = 0
Number of asset objects unloaded after import = 12
========================================================================
Received Import Request.
  Time since last request: 8.739300 seconds.
  path: Assets/Resources/Candy4.prefab
  artifactKey: Guid(60c973d531d4b40fc83ca2ce5913e3f5) Importer(815301076,1909f56bfc062723c751e8b465ee728b)
Start importing Assets/Resources/Candy4.prefab using Guid(60c973d531d4b40fc83ca2ce5913e3f5) Importer(815301076,1909f56bfc062723c751e8b465ee728b)  -> (artifact id: '3d53f8d70624e65a001f036107c74873') in 0.007233 seconds
Number of updated asset objects reloaded before import = 0
Number of asset objects unloaded after import = 12
========================================================================
Received Import Request.
  Time since last request: 7.081813 seconds.
  path: Assets/Resources/Candy5.prefab
  artifactKey: Guid(495551fe49a424de88261af3d311dab3) Importer(815301076,1909f56bfc062723c751e8b465ee728b)
Start importing Assets/Resources/Candy5.prefab using Guid(495551fe49a424de88261af3d311dab3) Importer(815301076,1909f56bfc062723c751e8b465ee728b)  -> (artifact id: '962e451ad7d64de1d928f5b2edb4f3a9') in 0.008107 seconds
Number of updated asset objects reloaded before import = 0
Number of asset objects unloaded after import = 12
========================================================================
Received Prepare
Begin MonoManager ReloadAssembly
Symbol file LoadedFromMemory doesn't match image /Users/karamyan-b/CandyDrop/Library/PackageCache/com.unity.visualscripting@1.8.0/Editor/VisualScripting.Core/Dependencies/YamlDotNet/Unity.VisualScripting.YamlDotNet.dll
Symbol file LoadedFromMemory doesn't match image /Users/karamyan-b/CandyDrop/Library/PackageCache/com.unity.visualscripting@1.8.0/Editor/VisualScripting.Core/Dependencies/DotNetZip/Unity.VisualScripting.IonicZip.dll
- Loaded All Assemblies, in  0.957 seconds
Refreshing native plugins compatible for Editor in 1.03 ms, found 2 plugins.
Native extension for Android target not found
Native extension for OSXStandalone target not found
[Package Manager] Server::EnsureServerProcessIsRunning -- launch failed, reason: Unity was launched with the -noUpm command-line argument
[Package Manager] UpmClient::Send -- Unable to send message (not connected to UPM process).
[Package Manager] Cannot connect to Unity Package Manager local server
Mono: successfully reloaded assembly
- Finished resetting the current domain, in  2.118 seconds
Domain Reload Profiling: 3077ms
	BeginReloadAssembly (261ms)
		ExecutionOrderSort (0ms)
		DisableScriptedObjects (33ms)
		BackupInstance (0ms)
		ReleaseScriptingObjects (0ms)
		CreateAndSetChildDomain (59ms)
	RebuildCommonClasses (43ms)
	RebuildNativeTypeToScriptingClass (12ms)
	initialDomainReloadingComplete (59ms)
	LoadAllAssembliesAndSetupDomain (581ms)
		LoadAssemblies (393ms)
		RebuildTransferFunctionScriptingTraits (0ms)
		AnalyzeDomain (308ms)
			TypeCache.Refresh (299ms)
				TypeCache.ScanAssembly (291ms)
			ScanForSourceGeneratedMonoScriptInfo (0ms)
			ResolveRequiredComponents (8ms)
	FinalizeReload (2120ms)
		ReleaseScriptCaches (0ms)
		RebuildScriptCaches (0ms)
		SetupLoadedEditorAssemblies (1361ms)
			LogAssemblyErrors (0ms)
			InitializePlatformSupportModulesInManaged (73ms)
			SetLoadedEditorAssemblies (7ms)
			RefreshPlugins (0ms)
			BeforeProcessingInitializeOnLoad (106ms)
			ProcessInitializeOnLoadAttributes (1089ms)
			ProcessInitializeOnLoadMethodAttributes (84ms)
			AfterProcessingInitializeOnLoad (1ms)
			EditorAssembliesLoaded (0ms)
		ExecutionOrderSort2 (0ms)
		AwakeInstancesAfterBackupRestoration (12ms)
Refreshing native plugins compatible for Editor in 0.95 ms, found 2 plugins.
Preloading 0 native plugins for Editor in 0.00 ms.
Unloading 3084 Unused Serialized files (Serialized files now loaded: 0)
Unloading 22 unused Assets / (30.7 KB). Loaded Objects now: 3592.
Memory consumption went from 133.8 MB to 133.8 MB.
Total: 2.745667 ms (FindLiveObjects: 0.231833 ms CreateObjectMapping: 0.084458 ms MarkObjects: 2.378583 ms  DeleteObjects: 0.049417 ms)

Prepare: number of updated asset objects reloaded= 0
AssetImportParameters requested are different than current active one (requested -> active):
  custom:container-demuxer-ogg: 62fdf1f143b41e24485cea50d1cbac27 -> 
  custom:video-decoder-ogg-theora: a1e56fd34408186e4bbccfd4996cb3dc -> 
  custom:container-demuxer-webm: 4f35f7cbe854078d1ac9338744f61a02 -> 
  custom:container-muxer-webm: aa71ff27fc2769a1b78a27578f13a17b -> 
  custom:video-decoder-webm-vp8: 9c59270c3fd7afecdb556c50c9e8de78 -> 
  custom:AudioImporter_EditorPlatform: 3918e3fc78b5a79bad01e8451be0beb8 -> 
  custom:framework-osx-AVFoundation: e770b220cccbd017edd2c1fefb359320 -> 
  custom:video-encoder-webm-vp8: eb34c28f22e8b96e1ab97ce403110664 -> 
  custom:audio-decoder-ogg-vorbis: bf7c407c2cedff20999df2af8eb42d56 -> 
  custom:audio-encoder-webm-vorbis: bf7c407c2cedff20999df2af8eb42d56 -> 
========================================================================
Received Import Request.
  Time since last request: 579.097308 seconds.
  path: Assets/Resources/Candy0.prefab
  artifactKey: Guid(3d4f886de2d2c4566a08786b68fff59b) Importer(815301076,1909f56bfc062723c751e8b465ee728b)
Start importing Assets/Resources/Candy0.prefab using Guid(3d4f886de2d2c4566a08786b68fff59b) Importer(815301076,1909f56bfc062723c751e8b465ee728b)  -> (artifact id: 'e891ce873c72d0ca97bf3fa8a4c0cb30') in 0.234045 seconds
Number of updated asset objects reloaded before import = 0
Number of asset objects unloaded after import = 14
========================================================================
Received Import Request.
  Time since last request: 4.283991 seconds.
  path: Assets/Resources/Candy0.prefab
  artifactKey: Guid(3d4f886de2d2c4566a08786b68fff59b) Importer(815301076,1909f56bfc062723c751e8b465ee728b)
Start importing Assets/Resources/Candy0.prefab using Guid(3d4f886de2d2c4566a08786b68fff59b) Importer(815301076,1909f56bfc062723c751e8b465ee728b)  -> (artifact id: '466f1ffa813974fea157a791557105a9') in 0.014296 seconds
Number of updated asset objects reloaded before import = 0
Number of asset objects unloaded after import = 14
========================================================================
Received Import Request.
  Time since last request: 574.641011 seconds.
  path: Assets/Resources/Candy0.prefab
  artifactKey: Guid(3d4f886de2d2c4566a08786b68fff59b) Importer(815301076,1909f56bfc062723c751e8b465ee728b)
Start importing Assets/Resources/Candy0.prefab using Guid(3d4f886de2d2c4566a08786b68fff59b) Importer(815301076,1909f56bfc062723c751e8b465ee728b)  -> (artifact id: '46f8faff3953514a543a6537cb9b3a67') in 0.008669 seconds
Number of updated asset objects reloaded before import = 0
Number of asset objects unloaded after import = 14
========================================================================
Received Import Request.
  Time since last request: 23.087972 seconds.
  path: Assets/Resources/Candy0.prefab
  artifactKey: Guid(3d4f886de2d2c4566a08786b68fff59b) Importer(815301076,1909f56bfc062723c751e8b465ee728b)
Start importing Assets/Resources/Candy0.prefab using Guid(3d4f886de2d2c4566a08786b68fff59b) Importer(815301076,1909f56bfc062723c751e8b465ee728b)  -> (artifact id: '5ef9667aafd3cc7165e5ac5e4e7b9100') in 0.006719 seconds
Number of updated asset objects reloaded before import = 0
Number of asset objects unloaded after import = 14
========================================================================
Received Import Request.
  Time since last request: 11.525305 seconds.
  path: Assets/Resources/Candy0.prefab
  artifactKey: Guid(3d4f886de2d2c4566a08786b68fff59b) Importer(815301076,1909f56bfc062723c751e8b465ee728b)
Start importing Assets/Resources/Candy0.prefab using Guid(3d4f886de2d2c4566a08786b68fff59b) Importer(815301076,1909f56bfc062723c751e8b465ee728b)  -> (artifact id: 'c03746cb05383997bc240d42e1d06ef9') in 0.022790 seconds
Number of updated asset objects reloaded before import = 0
Number of asset objects unloaded after import = 16
========================================================================
Received Import Request.
  Time since last request: 6.870029 seconds.
  path: Assets/Resources/Candy0.prefab
  artifactKey: Guid(3d4f886de2d2c4566a08786b68fff59b) Importer(815301076,1909f56bfc062723c751e8b465ee728b)
Start importing Assets/Resources/Candy0.prefab using Guid(3d4f886de2d2c4566a08786b68fff59b) Importer(815301076,1909f56bfc062723c751e8b465ee728b)  -> (artifact id: 'df15d44a25079a0d73b1dc27eda2ded5') in 0.007420 seconds
Number of updated asset objects reloaded before import = 0
Number of asset objects unloaded after import = 18
========================================================================
Received Import Request.
  Time since last request: 6.187416 seconds.
  path: Assets/Resources/Candy0.prefab
  artifactKey: Guid(3d4f886de2d2c4566a08786b68fff59b) Importer(815301076,1909f56bfc062723c751e8b465ee728b)
Start importing Assets/Resources/Candy0.prefab using Guid(3d4f886de2d2c4566a08786b68fff59b) Importer(815301076,1909f56bfc062723c751e8b465ee728b)  -> (artifact id: '9cce1d4b79c5a96c2ada419f801887f8') in 0.007181 seconds
Number of updated asset objects reloaded before import = 0
Number of asset objects unloaded after import = 18
========================================================================
Received Import Request.
  Time since last request: 2.214883 seconds.
  path: Assets/Resources/Candy0.prefab
  artifactKey: Guid(3d4f886de2d2c4566a08786b68fff59b) Importer(815301076,1909f56bfc062723c751e8b465ee728b)
Start importing Assets/Resources/Candy0.prefab using Guid(3d4f886de2d2c4566a08786b68fff59b) Importer(815301076,1909f56bfc062723c751e8b465ee728b)  -> (artifact id: '22ab66301eaa7245f07d810833a361e9') in 0.006982 seconds
Number of updated asset objects reloaded before import = 0
Number of asset objects unloaded after import = 18
========================================================================
Received Import Request.
  Time since last request: 2.633701 seconds.
  path: Assets/Resources/Candy0.prefab
  artifactKey: Guid(3d4f886de2d2c4566a08786b68fff59b) Importer(815301076,1909f56bfc062723c751e8b465ee728b)
Start importing Assets/Resources/Candy0.prefab using Guid(3d4f886de2d2c4566a08786b68fff59b) Importer(815301076,1909f56bfc062723c751e8b465ee728b)  -> (artifact id: '29203bf7989482b76a03ed7e9ed51be5') in 0.007745 seconds
Number of updated asset objects reloaded before import = 0
Number of asset objects unloaded after import = 18
========================================================================
Received Import Request.
  Time since last request: 56.788429 seconds.
  path: Assets/Scripts/BallLightReflection.cs
  artifactKey: Guid(43a464051de8446c7bff851f723ba812) Importer(815301076,1909f56bfc062723c751e8b465ee728b)
Start importing Assets/Scripts/BallLightReflection.cs using Guid(43a464051de8446c7bff851f723ba812) Importer(815301076,1909f56bfc062723c751e8b465ee728b)  -> (artifact id: '50f559533cc690729c365cb0b89d6648') in 0.000922 seconds
Number of updated asset objects reloaded before import = 0
Number of asset objects unloaded after import = 0
========================================================================
Received Prepare
Begin MonoManager ReloadAssembly
Symbol file LoadedFromMemory doesn't match image /Users/karamyan-b/CandyDrop/Library/PackageCache/com.unity.visualscripting@1.8.0/Editor/VisualScripting.Core/Dependencies/YamlDotNet/Unity.VisualScripting.YamlDotNet.dll
Symbol file LoadedFromMemory doesn't match image /Users/karamyan-b/CandyDrop/Library/PackageCache/com.unity.visualscripting@1.8.0/Editor/VisualScripting.Core/Dependencies/DotNetZip/Unity.VisualScripting.IonicZip.dll
- Loaded All Assemblies, in  1.121 seconds
Refreshing native plugins compatible for Editor in 2.37 ms, found 2 plugins.
Native extension for Android target not found
Native extension for OSXStandalone target not found
[Package Manager] Server::EnsureServerProcessIsRunning -- launch failed, reason: Unity was launched with the -noUpm command-line argument
[Package Manager] UpmClient::Send -- Unable to send message (not connected to UPM process).
[Package Manager] Cannot connect to Unity Package Manager local server
Mono: successfully reloaded assembly
- Finished resetting the current domain, in  2.370 seconds
Domain Reload Profiling: 3492ms
	BeginReloadAssembly (356ms)
		ExecutionOrderSort (0ms)
		DisableScriptedObjects (56ms)
		BackupInstance (0ms)
		ReleaseScriptingObjects (0ms)
		CreateAndSetChildDomain (90ms)
	RebuildCommonClasses (43ms)
	RebuildNativeTypeToScriptingClass (12ms)
	initialDomainReloadingComplete (69ms)
	LoadAllAssembliesAndSetupDomain (641ms)
		LoadAssemblies (454ms)
		RebuildTransferFunctionScriptingTraits (0ms)
		AnalyzeDomain (337ms)
			TypeCache.Refresh (324ms)
				TypeCache.ScanAssembly (312ms)
			ScanForSourceGeneratedMonoScriptInfo (4ms)
			ResolveRequiredComponents (8ms)
	FinalizeReload (2371ms)
		ReleaseScriptCaches (0ms)
		RebuildScriptCaches (0ms)
		SetupLoadedEditorAssemblies (1540ms)
			LogAssemblyErrors (0ms)
			InitializePlatformSupportModulesInManaged (86ms)
			SetLoadedEditorAssemblies (8ms)
			RefreshPlugins (0ms)
			BeforeProcessingInitializeOnLoad (109ms)
			ProcessInitializeOnLoadAttributes (1238ms)
			ProcessInitializeOnLoadMethodAttributes (98ms)
			AfterProcessingInitializeOnLoad (1ms)
			EditorAssembliesLoaded (0ms)
		ExecutionOrderSort2 (0ms)
		AwakeInstancesAfterBackupRestoration (13ms)
Refreshing native plugins compatible for Editor in 1.06 ms, found 2 plugins.
Preloading 0 native plugins for Editor in 0.00 ms.
Unloading 3085 Unused Serialized files (Serialized files now loaded: 0)
Unloading 22 unused Assets / (30.7 KB). Loaded Objects now: 3596.
Memory consumption went from 139.0 MB to 139.0 MB.
Total: 2.735125 ms (FindLiveObjects: 0.173333 ms CreateObjectMapping: 0.081500 ms MarkObjects: 2.433833 ms  DeleteObjects: 0.045375 ms)

Prepare: number of updated asset objects reloaded= 0
AssetImportParameters requested are different than current active one (requested -> active):
  custom:container-demuxer-ogg: 62fdf1f143b41e24485cea50d1cbac27 -> 
  custom:video-decoder-ogg-theora: a1e56fd34408186e4bbccfd4996cb3dc -> 
  custom:container-demuxer-webm: 4f35f7cbe854078d1ac9338744f61a02 -> 
  custom:container-muxer-webm: aa71ff27fc2769a1b78a27578f13a17b -> 
  custom:video-decoder-webm-vp8: 9c59270c3fd7afecdb556c50c9e8de78 -> 
  custom:AudioImporter_EditorPlatform: 3918e3fc78b5a79bad01e8451be0beb8 -> 
  custom:framework-osx-AVFoundation: e770b220cccbd017edd2c1fefb359320 -> 
  custom:video-encoder-webm-vp8: eb34c28f22e8b96e1ab97ce403110664 -> 
  custom:audio-decoder-ogg-vorbis: bf7c407c2cedff20999df2af8eb42d56 -> 
  custom:audio-encoder-webm-vorbis: bf7c407c2cedff20999df2af8eb42d56 -> 
========================================================================
Received Prepare
Begin MonoManager ReloadAssembly
Symbol file LoadedFromMemory doesn't match image /Users/karamyan-b/CandyDrop/Library/PackageCache/com.unity.visualscripting@1.8.0/Editor/VisualScripting.Core/Dependencies/YamlDotNet/Unity.VisualScripting.YamlDotNet.dll
Symbol file LoadedFromMemory doesn't match image /Users/karamyan-b/CandyDrop/Library/PackageCache/com.unity.visualscripting@1.8.0/Editor/VisualScripting.Core/Dependencies/DotNetZip/Unity.VisualScripting.IonicZip.dll
- Loaded All Assemblies, in  1.022 seconds
Refreshing native plugins compatible for Editor in 0.98 ms, found 2 plugins.
Native extension for Android target not found
Native extension for OSXStandalone target not found
[Package Manager] Server::EnsureServerProcessIsRunning -- launch failed, reason: Unity was launched with the -noUpm command-line argument
[Package Manager] UpmClient::Send -- Unable to send message (not connected to UPM process).
[Package Manager] Cannot connect to Unity Package Manager local server
Mono: successfully reloaded assembly
- Finished resetting the current domain, in  2.149 seconds
Domain Reload Profiling: 3173ms
	BeginReloadAssembly (292ms)
		ExecutionOrderSort (0ms)
		DisableScriptedObjects (41ms)
		BackupInstance (0ms)
		ReleaseScriptingObjects (0ms)
		CreateAndSetChildDomain (67ms)
	RebuildCommonClasses (43ms)
	RebuildNativeTypeToScriptingClass (12ms)
	initialDomainReloadingComplete (63ms)
	LoadAllAssembliesAndSetupDomain (612ms)
		LoadAssemblies (419ms)
		RebuildTransferFunctionScriptingTraits (0ms)
		AnalyzeDomain (321ms)
			TypeCache.Refresh (309ms)
				TypeCache.ScanAssembly (298ms)
			ScanForSourceGeneratedMonoScriptInfo (4ms)
			ResolveRequiredComponents (8ms)
	FinalizeReload (2151ms)
		ReleaseScriptCaches (0ms)
		RebuildScriptCaches (0ms)
		SetupLoadedEditorAssemblies (1401ms)
			LogAssemblyErrors (0ms)
			InitializePlatformSupportModulesInManaged (80ms)
			SetLoadedEditorAssemblies (7ms)
			RefreshPlugins (0ms)
			BeforeProcessingInitializeOnLoad (114ms)
			ProcessInitializeOnLoadAttributes (1111ms)
			ProcessInitializeOnLoadMethodAttributes (87ms)
			AfterProcessingInitializeOnLoad (1ms)
			EditorAssembliesLoaded (0ms)
		ExecutionOrderSort2 (0ms)
		AwakeInstancesAfterBackupRestoration (12ms)
Refreshing native plugins compatible for Editor in 0.96 ms, found 2 plugins.
Preloading 0 native plugins for Editor in 0.00 ms.
Unloading 3086 Unused Serialized files (Serialized files now loaded: 0)
Unloading 22 unused Assets / (30.7 KB). Loaded Objects now: 3599.
Memory consumption went from 144.0 MB to 144.0 MB.
Total: 2.631875 ms (FindLiveObjects: 0.159042 ms CreateObjectMapping: 0.082625 ms MarkObjects: 2.334917 ms  DeleteObjects: 0.054334 ms)

Prepare: number of updated asset objects reloaded= 0
AssetImportParameters requested are different than current active one (requested -> active):
  custom:container-demuxer-ogg: 62fdf1f143b41e24485cea50d1cbac27 -> 
  custom:video-decoder-ogg-theora: a1e56fd34408186e4bbccfd4996cb3dc -> 
  custom:container-demuxer-webm: 4f35f7cbe854078d1ac9338744f61a02 -> 
  custom:container-muxer-webm: aa71ff27fc2769a1b78a27578f13a17b -> 
  custom:video-decoder-webm-vp8: 9c59270c3fd7afecdb556c50c9e8de78 -> 
  custom:AudioImporter_EditorPlatform: 3918e3fc78b5a79bad01e8451be0beb8 -> 
  custom:framework-osx-AVFoundation: e770b220cccbd017edd2c1fefb359320 -> 
  custom:video-encoder-webm-vp8: eb34c28f22e8b96e1ab97ce403110664 -> 
  custom:audio-decoder-ogg-vorbis: bf7c407c2cedff20999df2af8eb42d56 -> 
  custom:audio-encoder-webm-vorbis: bf7c407c2cedff20999df2af8eb42d56 -> 
========================================================================
Received Prepare
Begin MonoManager ReloadAssembly
Symbol file LoadedFromMemory doesn't match image /Users/karamyan-b/CandyDrop/Library/PackageCache/com.unity.visualscripting@1.8.0/Editor/VisualScripting.Core/Dependencies/YamlDotNet/Unity.VisualScripting.YamlDotNet.dll
Symbol file LoadedFromMemory doesn't match image /Users/karamyan-b/CandyDrop/Library/PackageCache/com.unity.visualscripting@1.8.0/Editor/VisualScripting.Core/Dependencies/DotNetZip/Unity.VisualScripting.IonicZip.dll
- Loaded All Assemblies, in  0.971 seconds
Refreshing native plugins compatible for Editor in 1.07 ms, found 2 plugins.
Native extension for Android target not found
Native extension for OSXStandalone target not found
[Package Manager] Server::EnsureServerProcessIsRunning -- launch failed, reason: Unity was launched with the -noUpm command-line argument
[Package Manager] UpmClient::Send -- Unable to send message (not connected to UPM process).
[Package Manager] Cannot connect to Unity Package Manager local server
Mono: successfully reloaded assembly
- Finished resetting the current domain, in  2.031 seconds
Domain Reload Profiling: 3004ms
	BeginReloadAssembly (271ms)
		ExecutionOrderSort (0ms)
		DisableScriptedObjects (40ms)
		BackupInstance (0ms)
		ReleaseScriptingObjects (0ms)
		CreateAndSetChildDomain (56ms)
	RebuildCommonClasses (42ms)
	RebuildNativeTypeToScriptingClass (12ms)
	initialDomainReloadingComplete (61ms)
	LoadAllAssembliesAndSetupDomain (585ms)
		LoadAssemblies (394ms)
		RebuildTransferFunctionScriptingTraits (0ms)
		AnalyzeDomain (314ms)
			TypeCache.Refresh (306ms)
				TypeCache.ScanAssembly (298ms)
			ScanForSourceGeneratedMonoScriptInfo (0ms)
			ResolveRequiredComponents (8ms)
	FinalizeReload (2033ms)
		ReleaseScriptCaches (0ms)
		RebuildScriptCaches (0ms)
		SetupLoadedEditorAssemblies (1489ms)
			LogAssemblyErrors (0ms)
			InitializePlatformSupportModulesInManaged (78ms)
			SetLoadedEditorAssemblies (7ms)
			RefreshPlugins (0ms)
			BeforeProcessingInitializeOnLoad (111ms)
			ProcessInitializeOnLoadAttributes (1190ms)
			ProcessInitializeOnLoadMethodAttributes (102ms)
			AfterProcessingInitializeOnLoad (1ms)
			EditorAssembliesLoaded (0ms)
		ExecutionOrderSort2 (0ms)
		AwakeInstancesAfterBackupRestoration (13ms)
Refreshing native plugins compatible for Editor in 1.05 ms, found 2 plugins.
Preloading 0 native plugins for Editor in 0.00 ms.
Unloading 3086 Unused Serialized files (Serialized files now loaded: 0)
Unloading 22 unused Assets / (30.6 KB). Loaded Objects now: 3602.
Memory consumption went from 148.7 MB to 148.7 MB.
Total: 2.561000 ms (FindLiveObjects: 0.175000 ms CreateObjectMapping: 0.083291 ms MarkObjects: 2.254166 ms  DeleteObjects: 0.046833 ms)

Prepare: number of updated asset objects reloaded= 0
AssetImportParameters requested are different than current active one (requested -> active):
  custom:container-demuxer-ogg: 62fdf1f143b41e24485cea50d1cbac27 -> 
  custom:video-decoder-ogg-theora: a1e56fd34408186e4bbccfd4996cb3dc -> 
  custom:container-demuxer-webm: 4f35f7cbe854078d1ac9338744f61a02 -> 
  custom:container-muxer-webm: aa71ff27fc2769a1b78a27578f13a17b -> 
  custom:video-decoder-webm-vp8: 9c59270c3fd7afecdb556c50c9e8de78 -> 
  custom:AudioImporter_EditorPlatform: 3918e3fc78b5a79bad01e8451be0beb8 -> 
  custom:framework-osx-AVFoundation: e770b220cccbd017edd2c1fefb359320 -> 
  custom:video-encoder-webm-vp8: eb34c28f22e8b96e1ab97ce403110664 -> 
  custom:audio-decoder-ogg-vorbis: bf7c407c2cedff20999df2af8eb42d56 -> 
  custom:audio-encoder-webm-vorbis: bf7c407c2cedff20999df2af8eb42d56 -> 
========================================================================
Received Import Request.
  Time since last request: 638.341209 seconds.
  path: Assets/Resources/Candy0.prefab
  artifactKey: Guid(3d4f886de2d2c4566a08786b68fff59b) Importer(815301076,1909f56bfc062723c751e8b465ee728b)
Start importing Assets/Resources/Candy0.prefab using Guid(3d4f886de2d2c4566a08786b68fff59b) Importer(815301076,1909f56bfc062723c751e8b465ee728b)  -> (artifact id: '0d6068eaaa297b243a53608af67c3bd0') in 0.231152 seconds
Number of updated asset objects reloaded before import = 0
Number of asset objects unloaded after import = 18
========================================================================
Received Import Request.
  Time since last request: 6.909555 seconds.
  path: Assets/Resources/Candy0.prefab
  artifactKey: Guid(3d4f886de2d2c4566a08786b68fff59b) Importer(815301076,1909f56bfc062723c751e8b465ee728b)
Start importing Assets/Resources/Candy0.prefab using Guid(3d4f886de2d2c4566a08786b68fff59b) Importer(815301076,1909f56bfc062723c751e8b465ee728b)  -> (artifact id: '3e7d00aac66a9fa079c8c5f6da447d80') in 0.014759 seconds
Number of updated asset objects reloaded before import = 0
Number of asset objects unloaded after import = 18
========================================================================
Received Import Request.
  Time since last request: 11930.469532 seconds.
  path: Assets/Resources/bg.png
  artifactKey: Guid(c019f6b2497aa48b38528fbbc3c26960) Importer(815301076,1909f56bfc062723c751e8b465ee728b)
Start importing Assets/Resources/bg.png using Guid(c019f6b2497aa48b38528fbbc3c26960) Importer(815301076,1909f56bfc062723c751e8b465ee728b)  -> (artifact id: '790027ca34986491ff8fa2a7d6176ee0') in 0.442775 seconds
Number of updated asset objects reloaded before import = 0
Number of asset objects unloaded after import = 3
